0	1	mikroCARM.exe -MSF -DBG -pSTM32F107VC -RA -BIN -LHF -C -DL -SSA -O11111114 -fo72 -N"D:\Clicks_git\B\Buck_7_Click\SW\example\c\ARM\STM\Click_BUCK7_STM.mcpar" -SP"C:\Users\Public\Documents\Mikroelektronika\mikroC PRO for ARM\Defs\" -SP"C:\Users\Public\Documents\Mikroelektronika\mikroC PRO for ARM\Uses\ST M3\" -SP"D:\Clicks_git\B\Buck_7_Click\SW\example\c\ARM\STM\" -SP"D:\Clicks_git\B\Buck_7_Click\SW\library\HAL\" -SP"D:\Clicks_git\B\Buck_7_Click\SW\library\" -SP"C:\Users\Public\Documents\Mikroelektronika\mikroC PRO for ARM\Packages\mikroBUS Board Definition API\Uses\" -IP"C:\Users\Public\Documents\Mikroelektronika\mikroC PRO for ARM\Uses\TI M3\" -IP"D:\Clicks_git\B\Buck_7_Click\SW\example\c\ARM\STM\" -IP"D:\Clicks_git\B\Buck_7_Click\SW\library\" -IP"D:\Clicks_git\B\Buck_7_Click\SW\library\HAL\" -IP"C:\Users\Public\Documents\Mikroelektronika\mikroC PRO for ARM\Packages\mikroBUS Board Definition API\Uses\" "Click_BUCK7_STM.c" "__buck7_driver.c" "__Lib_Math.emcl" "__Lib_MathDouble.emcl" "__Lib_Delays.emcl" "__Lib_System_105_107.emcl" "__Lib_GPIO_32F10x_Defs.emcl" "__Lib_GPIO_32F10x.emcl" "__Lib_CString.emcl" "__Lib_Conversions.emcl" "__Lib_SPI_123.emcl" "__Lib_UART_123_45.emcl" "easymx_v7_STM32F107VC.emcl" "Click_BUCK7.pld"	 
diagnostics: 0	122	Compilation Started	STM32F107VC.c
diagnostics: 38838	123	Compiled Successfully	STM32F107VC.c
diagnostics: 0	122	Compilation Started	__Lib_Delays.c
diagnostics: 118	123	Compiled Successfully	__Lib_Delays.c
hint: 66	1164	Variable 'cycles_div_by_10' has been eliminated by optimizer	__Lib_Delays.c
hint: 87	1164	Variable 'NumberOfCyc' has been eliminated by optimizer	__Lib_Delays.c
hint: 104	1164	Variable 'NumberOfCyc' has been eliminated by optimizer	__Lib_Delays.c
diagnostics: 0	122	Compilation Started	__lib_gpio.h
diagnostics: 814	123	Compiled Successfully	__Lib_GPIO_32F10x_Defs.c
diagnostics: 0	122	Compilation Started	stdint.h
diagnostics: 349	123	Compiled Successfully	easymx_v7_STM32F107VC.c
diagnostics: 0	122	Compilation Started	stdint.h
diagnostics: 78	123	Compiled Successfully	Click_BUCK7_STM.c
diagnostics: 0	122	Compilation Started	stdint.h
diagnostics: 131	123	Compiled Successfully	__buck7_driver.c
hint: 323	1164	Variable 'tmp' has been eliminated by optimizer	__buck7_driver.c
hint: 35	1164	Variable 'tmp' has been eliminated by optimizer	__buck7_driver.c
diagnostics: 0	127	All files Compiled in 78 ms	 
hint: 0	1144	Used RX: 16 (100%)   Free RX: 0 (0%)	Used RX: 16 (100%)   Free RX: 0 (0%)
hint: 0	1144	Static RAM (bytes): 36   Dynamic RAM (bytes): 65497	Static RAM (bytes): 36   Dynamic RAM (bytes): 65497
hint: 0	1144	Used ROM (bytes): 4748 (2%)  Free ROM (bytes): 257396 (98%)	Used ROM (bytes): 4748 (2%)  Free ROM (bytes): 257396 (98%)
diagnostics: 0	125	Project Linked Successfully	Click_BUCK7_STM.mcpar
diagnostics: 0	128	Linked in 203 ms	 
diagnostics: 0	129	Project 'Click_BUCK7_STM.mcpar' completed: 1031 ms	 
diagnostics: 0	103	Finished successfully: 12 jul 2018, 08:57:24	Click_BUCK7_STM.mcpar
